     1                                  section .bss
     2 00000000 ??                          nwln resb 1
     3 00000001 ??                          char resb 1
     4 00000002 ????????                    string resb 4
     5                                  section .text
     6                                      global _start
     7                                  _start:
     8 00000000 B803000000                  mov eax, 3
     9 00000005 BB00000000                  mov ebx, 0
    10 0000000A B9[01000000]                mov ecx, char
    11 0000000F BA01000000                  mov edx, 1
    12 00000014 CD80                        int 0x80
    13
    14 00000016 B803000000                  mov eax, 3
    15 0000001B BB00000000                  mov ebx, 0
    16 00000020 B9[00000000]                mov ecx, nwln
    17 00000025 BA01000000                  mov edx, 1
    18 0000002A CD80                        int 0x80
    19
    20 0000002C B803000000                  mov eax, 3
    21 00000031 BB00000000                  mov ebx, 0
    22 00000036 B9[02000000]                mov ecx, string
    23 0000003B BA04000000                  mov edx, 4
    24 00000040 CD80                        int 0x80
    25
    26 00000042 B804000000                  mov eax, 4
    27 00000047 BB01000000                  mov ebx, 1
    28 0000004C B9[00000000]                mov ecx, nwln
    29 00000051 BA01000000                  mov edx, 1
    30 00000056 CD80                        int 0x80
    31
    32 00000058 B804000000                  mov eax, 4
    33 0000005D BB01000000                  mov ebx, 1
    34 00000062 B9[02000000]                mov ecx, string
    35 00000067 BA04000000                  mov edx, 4
    36 0000006C CD80                        int 0x80
    37
    38 0000006E B804000000                  mov eax, 4
    39 00000073 BB01000000                  mov ebx, 1
    40 00000078 B9[01000000]                mov ecx, char
    41 0000007D BA01000000                  mov edx, 1
    42 00000082 CD80                        int 0x80
    43
    44 00000084 B801000000                  mov eax, 1
    45 00000089 31DB                        xor ebx, ebx
    46 0000008B CD80                        int 0x80
